<?xml version="1.0" encoding="UTF-8"?>
<testng-results ignored="0" total="4" passed="4" failed="0" skipped="0">
  <reporter-output>
  </reporter-output>
  <suite started-at="2024-10-08T12:12:56 IST" name="PetStoreSuite" finished-at="2024-10-08T12:13:10 IST" duration-ms="13066">
    <groups>
    </groups>
    <test started-at="2024-10-08T12:12:56 IST" name="TestPetAPIs" finished-at="2024-10-08T12:13:10 IST" duration-ms="13066">
      <class name="api.test.UserTests">
        <test-method is-config="true" signature="Setup()[pri:0, instance:api.test.UserTests@5fdcaa40]" started-at="2024-10-08T12:12:57 IST" name="Setup" finished-at="2024-10-08T12:12:59 IST" duration-ms="1127" status="PASS">
          <reporter-output>
          </reporter-output>
        </test-method> <!-- Setup -->
        <test-method signature="testPostUser()[pri:1, instance:api.test.UserTests@5fdcaa40]" started-at="2024-10-08T12:12:59 IST" name="testPostUser" finished-at="2024-10-08T12:13:04 IST" duration-ms="4991" status="PASS">
          <reporter-output>
          </reporter-output>
        </test-method> <!-- testPostUser -->
        <test-method signature="testGetUser()[pri:2, instance:api.test.UserTests@5fdcaa40]" started-at="2024-10-08T12:13:04 IST" name="testGetUser" finished-at="2024-10-08T12:13:05 IST" duration-ms="1249" status="PASS">
          <reporter-output>
          </reporter-output>
        </test-method> <!-- testGetUser -->
        <test-method signature="testUpdateUser()[pri:3, instance:api.test.UserTests@5fdcaa40]" started-at="2024-10-08T12:13:05 IST" name="testUpdateUser" finished-at="2024-10-08T12:13:08 IST" duration-ms="3550" status="PASS">
          <reporter-output>
          </reporter-output>
        </test-method> <!-- testUpdateUser -->
        <test-method signature="testDeleteUser()[pri:4, instance:api.test.UserTests@5fdcaa40]" started-at="2024-10-08T12:13:08 IST" name="testDeleteUser" finished-at="2024-10-08T12:13:10 IST" duration-ms="1186" status="PASS">
          <reporter-output>
          </reporter-output>
        </test-method> <!-- testDeleteUser -->
      </class> <!-- api.test.UserTests -->
    </test> <!-- TestPetAPIs -->
  </suite> <!-- PetStoreSuite -->
</testng-results>
