<?xml version="1.0" encoding="UTF-8"?>
<testng-results ignored="0" total="4" passed="4" failed="0" skipped="0">
  <reporter-output>
  </reporter-output>
  <suite started-at="2024-10-08T11:34:05 IST" name="PetStoreSuite" finished-at="2024-10-08T11:34:15 IST" duration-ms="10116">
    <groups>
    </groups>
    <test started-at="2024-10-08T11:34:05 IST" name="TestPetAPIs" finished-at="2024-10-08T11:34:15 IST" duration-ms="10116">
      <class name="api.test.UserTests">
        <test-method is-config="true" signature="Setup()[pri:0, instance:api.test.UserTests@175c2241]" started-at="2024-10-08T11:34:05 IST" name="Setup" finished-at="2024-10-08T11:34:06 IST" duration-ms="575" status="PASS">
          <reporter-output>
          </reporter-output>
        </test-method> <!-- Setup -->
        <test-method signature="testPostUser()[pri:1, instance:api.test.UserTests@175c2241]" started-at="2024-10-08T11:34:06 IST" name="testPostUser" finished-at="2024-10-08T11:34:09 IST" duration-ms="3330" status="PASS">
          <reporter-output>
          </reporter-output>
        </test-method> <!-- testPostUser -->
        <test-method signature="testGetUser()[pri:2, instance:api.test.UserTests@175c2241]" started-at="2024-10-08T11:34:09 IST" name="testGetUser" finished-at="2024-10-08T11:34:10 IST" duration-ms="1277" status="PASS">
          <reporter-output>
          </reporter-output>
        </test-method> <!-- testGetUser -->
        <test-method signature="testUpdateUser()[pri:3, instance:api.test.UserTests@175c2241]" started-at="2024-10-08T11:34:10 IST" name="testUpdateUser" finished-at="2024-10-08T11:34:14 IST" duration-ms="3300" status="PASS">
          <reporter-output>
          </reporter-output>
        </test-method> <!-- testUpdateUser -->
        <test-method signature="testDeleteUser()[pri:4, instance:api.test.UserTests@175c2241]" started-at="2024-10-08T11:34:14 IST" name="testDeleteUser" finished-at="2024-10-08T11:34:15 IST" duration-ms="1210" status="PASS">
          <reporter-output>
          </reporter-output>
        </test-method> <!-- testDeleteUser -->
      </class> <!-- api.test.UserTests -->
    </test> <!-- TestPetAPIs -->
  </suite> <!-- PetStoreSuite -->
</testng-results>
