<?xml version="1.0" encoding="UTF-8"?>
<!-- Generated by org.testng.reporters.JUnitXMLReporter -->
<testsuite ignored="0" hostname="DESKTOP-8QTCEHK" failures="0" tests="4" name="TestPetAPIs" time="10.116" errors="0" timestamp="2024-10-08T11:34:15 IST">
  <testcase classname="api.test.UserTests" name="testPostUser" time="3.33"/>
  <testcase classname="api.test.UserTests" name="testGetUser" time="1.277"/>
  <testcase classname="api.test.UserTests" name="testUpdateUser" time="3.3"/>
  <testcase classname="api.test.UserTests" name="testDeleteUser" time="1.21"/>
</testsuite> <!-- TestPetAPIs -->
